<?xml version="1.0" encoding="UTF-8"?>
<!-- Generated by org.testng.reporters.JUnitReportReporter -->
<testsuite hostname="NSL-5813" failures="0" tests="7" name="base.TestScript2" time="17.880" errors="0" timestamp="2022-07-21T00:02:02 PDT" skipped="0">
  <testcase classname="base.TestScript2" name="TC_037" time="8.512"/>
  <system-out/>
  <testcase classname="base.TestScript2" name="TC_038" time="1.804"/>
  <system-out/>
  <testcase classname="base.TestScript2" name="TC_039" time="0.331"/>
  <system-out/>
  <testcase classname="base.TestScript2" name="TC_040" time="0.166"/>
  <system-out/>
  <testcase classname="base.TestScript2" name="TC_042" time="1.462"/>
  <system-out/>
  <testcase classname="base.TestScript2" name="TC_043" time="1.726"/>
  <system-out/>
  <testcase classname="base.TestScript2" name="TC_044" time="3.879"/>
  <system-out/>
</testsuite> <!-- base.TestScript2 -->
