<?xml version="1.0" encoding="UTF-8"?>
<!-- Generated by org.testng.reporters.JUnitReportReporter -->
<testsuite hostname="NSL-6533" failures="0" tests="7" name="base.TestScript2" time="13.995" errors="0" timestamp="2022-07-15T14:36:20 IST" skipped="0">
  <testcase classname="base.TestScript2" name="TC_037" time="8.678"/>
  <system-out/>
  <testcase classname="base.TestScript2" name="TC_038" time="1.710"/>
  <system-out/>
  <testcase classname="base.TestScript2" name="TC_039" time="0.336"/>
  <system-out/>
  <testcase classname="base.TestScript2" name="TC_040" time="0.099"/>
  <system-out/>
  <testcase classname="base.TestScript2" name="TC_042" time="1.422"/>
  <system-out/>
  <testcase classname="base.TestScript2" name="TC_043" time="1.682"/>
  <system-out/>
  <testcase classname="base.TestScript2" name="TC_044" time="0.068"/>
  <system-out/>
</testsuite> <!-- base.TestScript2 -->
